<?xml version="1.0" encoding="UTF-8"?>
<!-- Generated by org.testng.reporters.JUnitReportReporter -->
<testsuite skipped="0" hostname="DESKTOP-TQA70RE" name="com.qa.opencart.tests.LoginPageTest" tests="4" failures="0" timestamp="15 Mar 2022 15:48:09 GMT" time="12.282" errors="0">
  <testcase name="loginPageTitleTest" time="0.185" classname="com.qa.opencart.tests.LoginPageTest"/>
  <testcase name="loginTest" time="9.802" classname="com.qa.opencart.tests.LoginPageTest"/>
  <testcase name="forgotPwdLinkTest" time="2.152" classname="com.qa.opencart.tests.LoginPageTest"/>
  <testcase name="loginPageURLTest" time="0.143" classname="com.qa.opencart.tests.LoginPageTest"/>
</testsuite> <!-- com.qa.opencart.tests.LoginPageTest -->
