<?xml version="1.0" encoding="UTF-8"?>
<!-- Generated by org.testng.reporters.JUnitReportReporter -->
<testsuite skipped="0" hostname="DESKTOP-TQA70RE" name="com.qa.opencart.tests.LoginPageTest" tests="4" failures="0" timestamp="17 Mar 2022 17:54:05 GMT" time="11.417" errors="0">
  <testcase name="loginPageURLTest" time="0.118" classname="com.qa.opencart.tests.LoginPageTest"/>
  <testcase name="forgotPwdLinkTest" time="2.653" classname="com.qa.opencart.tests.LoginPageTest"/>
  <testcase name="loginTest" time="8.470" classname="com.qa.opencart.tests.LoginPageTest"/>
  <testcase name="loginPageTitleTest" time="0.176" classname="com.qa.opencart.tests.LoginPageTest"/>
</testsuite> <!-- com.qa.opencart.tests.LoginPageTest -->
