<?xml version="1.0" encoding="UTF-8"?>
<!-- Generated by org.testng.reporters.JUnitReportReporter -->
<testsuite skipped="0" hostname="DESKTOP-TQA70RE" name="com.qa.opencart.tests.ProductInfoTest" tests="4" failures="0" timestamp="15 Mar 2022 15:48:09 GMT" time="50.524" errors="0">
  <testcase name="productHeaderTest" time="17.355" classname="com.qa.opencart.tests.ProductInfoTest"/>
  <testcase name="productImagesCountTest" time="12.872" classname="com.qa.opencart.tests.ProductInfoTest"/>
  <testcase name="productImagesCountTest" time="9.042" classname="com.qa.opencart.tests.ProductInfoTest"/>
  <testcase name="productImagesCountTest" time="11.255" classname="com.qa.opencart.tests.ProductInfoTest"/>
</testsuite> <!-- com.qa.opencart.tests.ProductInfoTest -->
